Change Component Designator: OldDesignator=U6 NewDesignator=U5
Change Component Designator: OldDesignator=U7 NewDesignator=U6
Change Component Designator: OldDesignator=U8 NewDesignator=U7
Change Component Designator: OldDesignator=U9 NewDesignator=U8
Change Component Designator: OldDesignator=U10 NewDesignator=U9
Change Component Designator: OldDesignator=U11 NewDesignator=U10
Change Component Designator: OldDesignator=U12 NewDesignator=U11
Change Component Designator: OldDesignator=U13 NewDesignator=U12
Change Component Designator: OldDesignator=U14 NewDesignator=U13
Change Component Designator: OldDesignator=U15 NewDesignator=U14
Change Component Designator: OldDesignator=U16 NewDesignator=U15
Change Component Designator: OldDesignator=U17 NewDesignator=U16
Change Component Designator: OldDesignator=U18 NewDesignator=U17
Change Component Designator: OldDesignator=U19 NewDesignator=U18
Change Component Designator: OldDesignator=U20 NewDesignator=U19
Change Component Designator: OldDesignator=U21 NewDesignator=U20
Change Component Designator: OldDesignator=U22 NewDesignator=U21
Change Component Designator: OldDesignator=U23 NewDesignator=U22
Change Component Designator: OldDesignator=U24 NewDesignator=U23
Change Component Designator: OldDesignator=U25 NewDesignator=U24
Change Component Designator: OldDesignator=U26 NewDesignator=U25
Change Component Designator: OldDesignator=U27 NewDesignator=U26
Change Component Designator: OldDesignator=U28 NewDesignator=U27
Change Component Designator: OldDesignator=U29 NewDesignator=U28
Change Component Designator: OldDesignator=U30 NewDesignator=U29
Added Component: Designator=IC2(SO-8)
Added Component: Designator=S1(SWITCH_SPDT_SLIDER)
Add component (AddParameter): Name = "Circuit"; Value = "SPDT"; VariantName = "[No Variations]"
Add component (AddParameter): Name = "Contact Rating @ Voltage"; Value = "0.25A @ 125VAC"; VariantName = "[No Variations]"
Add component (AddParameter): Name = "Manufacturer 1"; Value = "TE Connectivity"; VariantName = "[No Variations]"
Add component (AddParameter): Name = "Manufacturer Part Number 1"; Value = "SLS121PC04"; VariantName = "[No Variations]"
Add component (AddParameter): Name = "Mounting Type"; Value = "PCB mount"; VariantName = "[No Variations]"
Add component (AddParameter): Name = "SCDType"; Value = "spec"; VariantName = "[No Variations]"
Add component (AddParameter): Name = "Supplier 1"; Value = "Digi-Key"; VariantName = "[No Variations]"
Add component (AddParameter): Name = "Supplier Part Number 1"; Value = "450-1598-ND"; VariantName = "[No Variations]"
Add component (AddParameter): Name = "Switch Function"; Value = "On-On"; VariantName = "[No Variations]"
Added Pin To Net: NetName=MCU_RX1 Pin=IC2-1
Added Pin To Net: NetName=DE Pin=IC2-2
Added Pin To Net: NetName=DE Pin=IC2-3
Added Pin To Net: NetName=MCU_TX1 Pin=IC2-4
Added Pin To Net: NetName=GND Pin=IC2-5
Added Pin To Net: NetName=A_P Pin=IC2-6
Added Pin To Net: NetName=A_N Pin=IC2-7
Added Pin To Net: NetName=+5 Pin=IC2-8
Added Pin To Net: NetName=NetKF2_1 Pin=S1-2
Added Pin To Net: NetName=24V Pin=S1-3
Added Member To Class: ClassName=U_RS485 Member=Component IC2 MAX485
Added Member To Class: ClassName=U_POWER Member=Component S1 ON-ON
